{"target": -12.4780129010131, "params": {"x": -1.2662205459144347, "y": -2.445968431387213}, "datetime": {"datetime": "2021-03-24 21:18:08", "elapsed": 0.0, "delta": 0.0}}
{"target": -3.8540423116243687, "params": {"x": -1.0686989431116456, "y": -0.9266356377417138}, "datetime": {"datetime": "2021-03-24 21:18:08", "elapsed": 0.000889, "delta": 0.000889}}
{"target": -3.5942777473028418, "params": {"x": 0.7708941219796931, "y": 3.0}, "datetime": {"datetime": "2021-03-24 21:18:09", "elapsed": 0.188157, "delta": 0.187268}}
{"target": 0.8237498429940926, "params": {"x": 0.034345360668778045, "y": 1.4184143319802023}, "datetime": {"datetime": "2021-03-24 21:18:09", "elapsed": 0.290727, "delta": 0.10257}}
{"target": 0.972035161472458, "params": {"x": -0.10529330543819782, "y": 0.870084033477635}, "datetime": {"datetime": "2021-03-24 21:18:09", "elapsed": 0.432956, "delta": 0.142229}}
